app/build/intermediates/manifest_merge_blame_file/debug/processDebugMainManifest/manifest-merger-blame-debug-report.txt
1<?xml version="1.0" encoding="utf-8"?>
2<manifest xmlns:android="http://schemas.android.com/apk/res/android"
3    package="com.santos.tareas"
4    android:versionCode="1"
5    android:versionName="1.0" >
6
7    <uses-sdk
8        android:minSdkVersion="24"
9        android:targetSdkVersion="34" />
10
11    <uses-permission android:name="android.permission.USE_BIOMETRIC" />
11-->src/main/AndroidManifest.xml:4:5-72
11-->src/main/AndroidManifest.xml:4:22-69
12    <uses-permission android:name="android.permission.RECORD_AUDIO" />
12-->src/main/AndroidManifest.xml:5:5-71
12-->src/main/AndroidManifest.xml:5:22-68
13
14    <!-- suppress DeprecatedClassUsageInspection -->
15    <uses-permission android:name="android.permission.USE_FINGERPRINT" />
15-->[androidx.biometric:biometric:1.1.0] AndroidManifest.xml:27:5-74
15-->[androidx.biometric:biometric:1.1.0] AndroidManifest.xml:27:22-71
16
17    <permission
17-->[androidx.core:core:1.13.1] AndroidManifest.xml:22:5-24:47
18        android:name="com.santos.tareas.DYNAMIC_RECEIVER_NOT_EXPORTED_PERMISSION"
18-->[androidx.core:core:1.13.1] AndroidManifest.xml:23:9-81
19        android:protectionLevel="signature" />
19-->[androidx.core:core:1.13.1] AndroidManifest.xml:24:9-44
20
21    <uses-permission android:name="com.santos.tareas.DYNAMIC_RECEIVER_NOT_EXPORTED_PERMISSION" />
21-->[androidx.core:core:1.13.1] AndroidManifest.xml:26:5-97
21-->[androidx.core:core:1.13.1] AndroidManifest.xml:26:22-94
22
23    <application
23-->src/main/AndroidManifest.xml:7:5-110:19
24        android:allowBackup="true"
24-->src/main/AndroidManifest.xml:8:9-35
25        android:appComponentFactory="androidx.core.app.CoreComponentFactory"
25-->[androidx.core:core:1.13.1] AndroidManifest.xml:28:18-86
26        android:debuggable="true"
27        android:extractNativeLibs="false"
28        android:icon="@mipmap/ic_launcher"
28-->src/main/AndroidManifest.xml:9:9-43
29        android:label="@string/app_name"
29-->src/main/AndroidManifest.xml:10:9-41
30        android:roundIcon="@mipmap/ic_launcher_round"
30-->src/main/AndroidManifest.xml:11:9-54
31        android:supportsRtl="true"
31-->src/main/AndroidManifest.xml:12:9-35
32        android:theme="@style/Theme.Tareas" >
32-->src/main/AndroidManifest.xml:13:9-44
33        <activity
33-->src/main/AndroidManifest.xml:15:9-24:20
34            android:name="com.santos.tareas.MainActivity"
34-->src/main/AndroidManifest.xml:16:13-41
35            android:exported="true"
35-->src/main/AndroidManifest.xml:18:13-36
36            android:label="@string/app_name"
36-->src/main/AndroidManifest.xml:19:13-45
37            android:launchMode="singleTop" >
37-->src/main/AndroidManifest.xml:17:13-43
38            <intent-filter>
38-->src/main/AndroidManifest.xml:20:13-23:29
39                <action android:name="android.intent.action.MAIN" />
39-->src/main/AndroidManifest.xml:21:17-69
39-->src/main/AndroidManifest.xml:21:25-66
40
41                <category android:name="android.intent.category.LAUNCHER" />
41-->src/main/AndroidManifest.xml:22:17-77
41-->src/main/AndroidManifest.xml:22:27-74
42            </intent-filter>
43        </activity>
44        <activity
44-->src/main/AndroidManifest.xml:26:9-29:46
45            android:name="com.santos.tareas.TasksActivity"
45-->src/main/AndroidManifest.xml:27:13-42
46            android:exported="false"
46-->src/main/AndroidManifest.xml:28:13-37
47            android:label="@string/tareas" />
47-->src/main/AndroidManifest.xml:29:13-43
48        <activity
48-->src/main/AndroidManifest.xml:31:9-34:45
49            android:name="com.santos.tareas.NotesActivity"
49-->src/main/AndroidManifest.xml:32:13-42
50            android:exported="false"
50-->src/main/AndroidManifest.xml:33:13-37
51            android:label="@string/notas" />
51-->src/main/AndroidManifest.xml:34:13-42
52        <activity
52-->src/main/AndroidManifest.xml:36:9-40:58
53            android:name="com.santos.tareas.TrashActivity"
53-->src/main/AndroidManifest.xml:37:13-42
54            android:exported="false"
54-->src/main/AndroidManifest.xml:38:13-37
55            android:label="@string/papelera"
55-->src/main/AndroidManifest.xml:39:13-45
56            android:theme="@style/Theme.Tareas.Dialog" />
56-->src/main/AndroidManifest.xml:40:13-55
57        <activity
57-->src/main/AndroidManifest.xml:42:9-46:58
58            android:name="com.santos.tareas.SettingsActivity"
58-->src/main/AndroidManifest.xml:43:13-45
59            android:exported="false"
59-->src/main/AndroidManifest.xml:44:13-37
60            android:label="@string/ajustes"
60-->src/main/AndroidManifest.xml:45:13-44
61            android:theme="@style/Theme.Tareas.Dialog" />
61-->src/main/AndroidManifest.xml:46:13-55
62        <activity
62-->src/main/AndroidManifest.xml:48:9-52:58
63            android:name="com.santos.tareas.AddEditTaskActivity"
63-->src/main/AndroidManifest.xml:49:13-48
64            android:exported="false"
64-->src/main/AndroidManifest.xml:50:13-37
65            android:label="@string/tareas"
65-->src/main/AndroidManifest.xml:51:13-43
66            android:theme="@style/Theme.Tareas.Dialog" />
66-->src/main/AndroidManifest.xml:52:13-55
67        <activity
67-->src/main/AndroidManifest.xml:54:9-58:58
68            android:name="com.santos.tareas.AddEditNoteActivity"
68-->src/main/AndroidManifest.xml:55:13-48
69            android:exported="false"
69-->src/main/AndroidManifest.xml:56:13-37
70            android:label="@string/notas"
70-->src/main/AndroidManifest.xml:57:13-42
71            android:theme="@style/Theme.Tareas.Dialog" />
71-->src/main/AndroidManifest.xml:58:13-55
72        <activity
72-->src/main/AndroidManifest.xml:60:9-64:58
73            android:name="com.santos.tareas.DrawingActivity"
73-->src/main/AndroidManifest.xml:61:13-44
74            android:exported="false"
74-->src/main/AndroidManifest.xml:62:13-37
75            android:label="@string/dibujar"
75-->src/main/AndroidManifest.xml:63:13-44
76            android:theme="@style/Theme.Tareas.Dialog" />
76-->src/main/AndroidManifest.xml:64:13-55
77
78        <receiver
78-->src/main/AndroidManifest.xml:66:9-76:20
79            android:name="com.santos.tareas.TaskWidgetProvider"
79-->src/main/AndroidManifest.xml:67:13-47
80            android:exported="false"
80-->src/main/AndroidManifest.xml:68:13-37
81            android:label="" >
81-->src/main/AndroidManifest.xml:69:13-29
82            <intent-filter>
82-->src/main/AndroidManifest.xml:70:13-72:29
83                <action android:name="android.appwidget.action.APPWIDGET_UPDATE" />
83-->src/main/AndroidManifest.xml:71:17-84
83-->src/main/AndroidManifest.xml:71:25-81
84            </intent-filter>
85
86            <meta-data
86-->src/main/AndroidManifest.xml:73:13-75:60
87                android:name="android.appwidget.provider"
87-->src/main/AndroidManifest.xml:74:17-58
88                android:resource="@xml/task_widget_info" />
88-->src/main/AndroidManifest.xml:75:17-57
89        </receiver>
90        <receiver
90-->src/main/AndroidManifest.xml:78:9-88:20
91            android:name="com.santos.tareas.NoteWidgetProvider"
91-->src/main/AndroidManifest.xml:79:13-47
92            android:exported="false"
92-->src/main/AndroidManifest.xml:80:13-37
93            android:label="" >
93-->src/main/AndroidManifest.xml:81:13-29
94            <intent-filter>
94-->src/main/AndroidManifest.xml:70:13-72:29
95                <action android:name="android.appwidget.action.APPWIDGET_UPDATE" />
95-->src/main/AndroidManifest.xml:71:17-84
95-->src/main/AndroidManifest.xml:71:25-81
96            </intent-filter>
97
98            <meta-data
98-->src/main/AndroidManifest.xml:73:13-75:60
99                android:name="android.appwidget.provider"
99-->src/main/AndroidManifest.xml:74:17-58
100                android:resource="@xml/note_widget_info" />
100-->src/main/AndroidManifest.xml:75:17-57
101        </receiver>
102
103        <service
103-->src/main/AndroidManifest.xml:90:9-93:72
104            android:name="com.santos.tareas.TaskWidgetService"
104-->src/main/AndroidManifest.xml:91:13-46
105            android:exported="false"
105-->src/main/AndroidManifest.xml:92:13-37
106            android:permission="android.permission.BIND_REMOTEVIEWS" />
106-->src/main/AndroidManifest.xml:93:13-69
107        <service
107-->src/main/AndroidManifest.xml:95:9-98:72
108            android:name="com.santos.tareas.NoteWidgetService"
108-->src/main/AndroidManifest.xml:96:13-46
109            android:exported="false"
109-->src/main/AndroidManifest.xml:97:13-37
110            android:permission="android.permission.BIND_REMOTEVIEWS" />
110-->src/main/AndroidManifest.xml:98:13-69
111
112        <provider
113            android:name="androidx.core.content.FileProvider"
113-->src/main/AndroidManifest.xml:101:13-62
114            android:authorities="com.santos.tareas.fileprovider"
114-->src/main/AndroidManifest.xml:102:13-64
115            android:exported="false"
115-->src/main/AndroidManifest.xml:103:13-37
116            android:grantUriPermissions="true" >
116-->src/main/AndroidManifest.xml:104:13-47
117            <meta-data
117-->src/main/AndroidManifest.xml:105:13-107:54
118                android:name="android.support.FILE_PROVIDER_PATHS"
118-->src/main/AndroidManifest.xml:106:17-67
119                android:resource="@xml/file_paths" />
119-->src/main/AndroidManifest.xml:107:17-51
120        </provider>
121        <provider
121-->[androidx.emoji2:emoji2:1.3.0] AndroidManifest.xml:24:9-32:20
122            android:name="androidx.startup.InitializationProvider"
122-->[androidx.emoji2:emoji2:1.3.0] AndroidManifest.xml:25:13-67
123            android:authorities="com.santos.tareas.androidx-startup"
123-->[androidx.emoji2:emoji2:1.3.0] AndroidManifest.xml:26:13-68
124            android:exported="false" >
124-->[androidx.emoji2:emoji2:1.3.0] AndroidManifest.xml:27:13-37
125            <meta-data
125-->[androidx.emoji2:emoji2:1.3.0] AndroidManifest.xml:29:13-31:52
126                android:name="androidx.emoji2.text.EmojiCompatInitializer"
126-->[androidx.emoji2:emoji2:1.3.0] AndroidManifest.xml:30:17-75
127                android:value="androidx.startup" />
127-->[androidx.emoji2:emoji2:1.3.0] AndroidManifest.xml:31:17-49
128            <meta-data
128-->[androidx.lifecycle:lifecycle-process:2.6.2] AndroidManifest.xml:29:13-31:52
129                android:name="androidx.lifecycle.ProcessLifecycleInitializer"
129-->[androidx.lifecycle:lifecycle-process:2.6.2] AndroidManifest.xml:30:17-78
130                android:value="androidx.startup" />
130-->[androidx.lifecycle:lifecycle-process:2.6.2] AndroidManifest.xml:31:17-49
131            <meta-data
131-->[androidx.profileinstaller:profileinstaller:1.3.1] AndroidManifest.xml:29:13-31:52
132                android:name="androidx.profileinstaller.ProfileInstallerInitializer"
132-->[androidx.profileinstaller:profileinstaller:1.3.1] AndroidManifest.xml:30:17-85
133                android:value="androidx.startup" />
133-->[androidx.profileinstaller:profileinstaller:1.3.1] AndroidManifest.xml:31:17-49
134        </provider>
135
136        <receiver
136-->[androidx.profileinstaller:profileinstaller:1.3.1] AndroidManifest.xml:34:9-52:20
137            android:name="androidx.profileinstaller.ProfileInstallReceiver"
137-->[androidx.profileinstaller:profileinstaller:1.3.1] AndroidManifest.xml:35:13-76
138            android:directBootAware="false"
138-->[androidx.profileinstaller:profileinstaller:1.3.1] AndroidManifest.xml:36:13-44
139            android:enabled="true"
139-->[androidx.profileinstaller:profileinstaller:1.3.1] AndroidManifest.xml:37:13-35
140            android:exported="true"
140-->[androidx.profileinstaller:profileinstaller:1.3.1] AndroidManifest.xml:38:13-36
141            android:permission="android.permission.DUMP" >
141-->[androidx.profileinstaller:profileinstaller:1.3.1] AndroidManifest.xml:39:13-57
142            <intent-filter>
142-->[androidx.profileinstaller:profileinstaller:1.3.1] AndroidManifest.xml:40:13-42:29
143                <action android:name="androidx.profileinstaller.action.INSTALL_PROFILE" />
143-->[androidx.profileinstaller:profileinstaller:1.3.1] AndroidManifest.xml:41:17-91
143-->[androidx.profileinstaller:profileinstaller:1.3.1] AndroidManifest.xml:41:25-88
144            </intent-filter>
145            <intent-filter>
145-->[androidx.profileinstaller:profileinstaller:1.3.1] AndroidManifest.xml:43:13-45:29
146                <action android:name="androidx.profileinstaller.action.SKIP_FILE" />
146-->[androidx.profileinstaller:profileinstaller:1.3.1] AndroidManifest.xml:44:17-85
146-->[androidx.profileinstaller:profileinstaller:1.3.1] AndroidManifest.xml:44:25-82
147            </intent-filter>
148            <intent-filter>
148-->[androidx.profileinstaller:profileinstaller:1.3.1] AndroidManifest.xml:46:13-48:29
149                <action android:name="androidx.profileinstaller.action.SAVE_PROFILE" />
149-->[androidx.profileinstaller:profileinstaller:1.3.1] AndroidManifest.xml:47:17-88
149-->[androidx.profileinstaller:profileinstaller:1.3.1] AndroidManifest.xml:47:25-85
150            </intent-filter>
151            <intent-filter>
151-->[androidx.profileinstaller:profileinstaller:1.3.1] AndroidManifest.xml:49:13-51:29
152                <action android:name="androidx.profileinstaller.action.BENCHMARK_OPERATION" />
152-->[androidx.profileinstaller:profileinstaller:1.3.1] AndroidManifest.xml:50:17-95
152-->[androidx.profileinstaller:profileinstaller:1.3.1] AndroidManifest.xml:50:25-92
153            </intent-filter>
154        </receiver>
155    </application>
156
157</manifest>